<?xml version="1.0" encoding="UTF-8"?>
<!-- Generated by org.testng.reporters.JUnitReportReporter -->
<testsuite hostname="DESKTOP-6HPEAMJ" failures="0" tests="1" name="testNgAnnotationsBasics.SecondTestClass" time="0.009" errors="0" timestamp="2022-12-17T19:28:22 EST" skipped="0">
  <testcase classname="testNgAnnotationsBasics.SecondTestClass" name="TC_002" time="0.009"/>
  <system-out/>
</testsuite> <!-- testNgAnnotationsBasics.SecondTestClass -->
