<?xml version="1.0" encoding="UTF-8"?>
<!-- Generated by org.testng.reporters.JUnitReportReporter -->
<testsuite hostname="DESKTOP-6HPEAMJ" failures="0" tests="1" name="testNgAnnotationsBasics.TestClassB" time="0.007" errors="0" timestamp="2022-12-16T17:15:43 EST" skipped="0">
  <testcase classname="testNgAnnotationsBasics.TestClassB" name="TC_002" time="0.007"/>
  <system-out/>
</testsuite> <!-- testNgAnnotationsBasics.TestClassB -->
