<?xml version="1.0" encoding="UTF-8"?>
<!-- Generated by org.testng.reporters.JUnitReportReporter -->
<testsuite hostname="DESKTOP-6HPEAMJ" failures="0" tests="4" name="assertVerification.parallelExecutionExample" time="44.174" errors="0" timestamp="2022-12-18T18:56:26 EST" skipped="0">
  <testcase classname="assertVerification.parallelExecutionExample" name="TC_002" time="10.298"/>
  <system-out/>
  <testcase classname="assertVerification.parallelExecutionExample" name="TC_003" time="14.934"/>
  <system-out/>
  <testcase classname="assertVerification.parallelExecutionExample" name="TC_004" time="9.148"/>
  <system-out/>
  <testcase classname="assertVerification.parallelExecutionExample" name="TC_001" time="9.794"/>
  <system-out/>
</testsuite> <!-- assertVerification.parallelExecutionExample -->
