<?xml version="1.0" encoding="UTF-8"?>
<!-- Generated by org.testng.reporters.JUnitReportReporter -->
<testsuite hostname="DESKTOP-6HPEAMJ" failures="0" tests="1" name="testNgAnnotationsBasics.UseOfTestMethods" time="0.009" errors="0" timestamp="2022-12-16T19:50:48 EST" skipped="0">
  <testcase classname="testNgAnnotationsBasics.UseOfTestMethods" name="print3" time="0.009"/>
  <system-out/>
</testsuite> <!-- testNgAnnotationsBasics.UseOfTestMethods -->
