<?xml version="1.0" encoding="UTF-8"?>
<!-- Generated by org.testng.reporters.JUnitReportReporter -->
<testsuite hostname="DESKTOP-6HPEAMJ" failures="0" tests="5" name="testNgAnnotations.PriorityInTest" time="0.009" errors="0" timestamp="2022-12-15T17:21:28 EST" skipped="1">
  <testcase classname="testNgAnnotations.PriorityInTest" name="TC_001" time="0.007"/>
  <system-out/>
  <testcase classname="testNgAnnotations.PriorityInTest" name="TC_004" time="0.001"/>
  <system-out/>
  <testcase classname="testNgAnnotations.PriorityInTest" name="TC_003" time="0.000"/>
  <system-out/>
  <testcase classname="testNgAnnotations.PriorityInTest" name="TC_005" time="0.001"/>
  <system-out/>
  <testcase classname="testNgAnnotations.PriorityInTest" name="TC_002">
    <skipped/>
  </testcase> <!-- TC_002 -->
  <system-out/>
</testsuite> <!-- testNgAnnotations.PriorityInTest -->
