<?xml version="1.0" encoding="UTF-8"?>
<!-- Generated by org.testng.reporters.JUnitReportReporter -->
<testsuite hostname="DESKTOP-6HPEAMJ" failures="0" tests="4" name="attributesInTestAnnotations.GroupNameAttribute" time="0.016" errors="0" timestamp="2022-12-16T20:49:15 EST" skipped="0">
  <testcase classname="attributesInTestAnnotations.GroupNameAttribute" name="print2" time="0.011"/>
  <system-out/>
  <testcase classname="attributesInTestAnnotations.GroupNameAttribute" name="print4" time="0.003"/>
  <system-out/>
  <testcase classname="attributesInTestAnnotations.GroupNameAttribute" name="print3" time="0.001"/>
  <system-out/>
  <testcase classname="attributesInTestAnnotations.GroupNameAttribute" name="print1" time="0.001"/>
  <system-out/>
</testsuite> <!-- attributesInTestAnnotations.GroupNameAttribute -->
