<?xml version="1.0" encoding="UTF-8"?>
<!-- Generated by org.testng.reporters.JUnitReportReporter -->
<testsuite hostname="DESKTOP-6HPEAMJ" failures="0" tests="1" name="differentTypesOfAnnotations.SecondClass" time="0.005" errors="0" timestamp="2022-12-31T16:13:59 EST" skipped="0">
  <testcase classname="differentTypesOfAnnotations.SecondClass" name="TC_002" time="0.005"/>
  <system-out/>
</testsuite> <!-- differentTypesOfAnnotations.SecondClass -->
