<?xml version="1.0" encoding="UTF-8"?>
<!-- Generated by org.testng.reporters.JUnitReportReporter -->
<testsuite hostname="DESKTOP-6HPEAMJ" failures="0" tests="4" name="testNgAnnotationsBasics.RuleTwoOfTestAnnotation" time="0.010" errors="0" timestamp="2022-12-16T21:50:51 EST" skipped="0">
  <testcase classname="testNgAnnotationsBasics.RuleTwoOfTestAnnotation" name="print1" time="0.007"/>
  <system-out/>
  <testcase classname="testNgAnnotationsBasics.RuleTwoOfTestAnnotation" name="print2" time="0.001"/>
  <system-out/>
  <testcase classname="testNgAnnotationsBasics.RuleTwoOfTestAnnotation" name="print4" time="0.001"/>
  <system-out/>
  <testcase classname="testNgAnnotationsBasics.RuleTwoOfTestAnnotation" name="print3" time="0.001"/>
  <system-out/>
</testsuite> <!-- testNgAnnotationsBasics.RuleTwoOfTestAnnotation -->
