<?xml version="1.0" encoding="UTF-8"?>
<!-- Generated by org.testng.reporters.JUnitReportReporter -->
<testsuite hostname="DESKTOP-6HPEAMJ" failures="0" tests="4" name="attributesInTestAnnotations.ExceptionAttributes" time="0.016" errors="0" timestamp="2022-12-16T21:00:22 EST" skipped="0">
  <testcase classname="attributesInTestAnnotations.ExceptionAttributes" name="print2" time="0.001"/>
  <system-out/>
  <testcase classname="attributesInTestAnnotations.ExceptionAttributes" name="print3" time="0.001"/>
  <system-out/>
  <testcase classname="attributesInTestAnnotations.ExceptionAttributes" name="print1" time="0.013"/>
  <system-out/>
  <testcase classname="attributesInTestAnnotations.ExceptionAttributes" name="print4" time="0.001"/>
  <system-out/>
</testsuite> <!-- attributesInTestAnnotations.ExceptionAttributes -->
