<?xml version="1.0" encoding="UTF-8"?>
<!-- Generated by org.testng.reporters.JUnitReportReporter -->
<testsuite hostname="DESKTOP-6HPEAMJ" failures="0" tests="2" name="testNgAnnotationsBasics.BeforeAndAfterClass" time="0.001" errors="0" timestamp="2022-12-17T19:12:19 EST" skipped="0">
  <testcase classname="testNgAnnotationsBasics.BeforeAndAfterClass" name="TC_003" time="0.000"/>
  <system-out/>
  <testcase classname="testNgAnnotationsBasics.BeforeAndAfterClass" name="TC_001" time="0.001"/>
  <system-out/>
</testsuite> <!-- testNgAnnotationsBasics.BeforeAndAfterClass -->
