<?xml version="1.0" encoding="UTF-8"?>
<!-- Generated by org.testng.reporters.JUnitReportReporter -->
<testsuite hostname="DESKTOP-6HPEAMJ" failures="0" tests="1" name="testNgAnnotationsBasics.SecondClass" time="0.010" errors="0" timestamp="2022-12-17T19:12:19 EST" skipped="0">
  <testcase classname="testNgAnnotationsBasics.SecondClass" name="TC_002" time="0.010"/>
  <system-out/>
</testsuite> <!-- testNgAnnotationsBasics.SecondClass -->
