<?xml version="1.0" encoding="UTF-8"?>
<!-- Generated by org.testng.reporters.JUnitReportReporter -->
<testsuite hostname="DESKTOP-6HPEAMJ" failures="0" tests="1" name="testNgAnnotations.TestAnnotationProgram" time="0.007" errors="0" timestamp="2022-12-13T21:27:34 EST" skipped="0">
  <testcase classname="testNgAnnotations.TestAnnotationProgram" name="testCase_001" time="0.007"/>
  <system-out/>
</testsuite> <!-- testNgAnnotations.TestAnnotationProgram -->
