<?xml version="1.0" encoding="UTF-8"?>
<!-- Generated by org.testng.reporters.JUnitReportReporter -->
<testsuite hostname="DESKTOP-6HPEAMJ" failures="0" tests="1" name="testNgAnnotations.TestAnnotationWithAttributes" time="0.009" errors="0" timestamp="2022-12-15T17:00:12 EST" skipped="0">
  <testcase classname="testNgAnnotations.TestAnnotationWithAttributes" name="TC_001" time="0.009"/>
  <system-out/>
</testsuite> <!-- testNgAnnotations.TestAnnotationWithAttributes -->
