<?xml version="1.0" encoding="UTF-8"?>
<!-- Generated by org.testng.reporters.JUnitReportReporter -->
<testsuite hostname="DESKTOP-6HPEAMJ" failures="0" tests="2" name="assertVerification.ParameterizationExample" time="6.258" errors="0" timestamp="2022-12-18T16:06:42 EST" skipped="0">
  <testcase classname="assertVerification.ParameterizationExample" name="launchUrlTest" time="6.065"/>
  <system-out/>
  <testcase classname="assertVerification.ParameterizationExample" name="LoginTest" time="0.193"/>
  <system-out/>
</testsuite> <!-- assertVerification.ParameterizationExample -->
