<?xml version="1.0" encoding="UTF-8"?>
<!-- Generated by org.testng.reporters.JUnitReportReporter -->
<testsuite hostname="DESKTOP-6HPEAMJ" failures="0" tests="4" name="attributesInTestAnnotations.descriptionAttributes" time="0.013" errors="0" timestamp="2022-12-16T20:21:25 EST" skipped="0">
  <testcase classname="attributesInTestAnnotations.descriptionAttributes" name="print3" time="0.001"/>
  <system-out/>
  <testcase classname="attributesInTestAnnotations.descriptionAttributes" name="print2" time="0.001"/>
  <system-out/>
  <testcase classname="attributesInTestAnnotations.descriptionAttributes" name="print1" time="0.011"/>
  <system-out/>
  <testcase classname="attributesInTestAnnotations.descriptionAttributes" name="print" time="0.000"/>
  <system-out/>
</testsuite> <!-- attributesInTestAnnotations.descriptionAttributes -->
