<?xml version="1.0" encoding="UTF-8"?>
<!-- Generated by org.testng.reporters.JUnitReportReporter -->
<testsuite hostname="DESKTOP-6HPEAMJ" failures="0" tests="2" name="testNgAnnotationsBasics.BeforeTestAfterTest" time="0.003" errors="0" timestamp="2022-12-17T19:28:22 EST" skipped="0">
  <testcase classname="testNgAnnotationsBasics.BeforeTestAfterTest" name="TC_001" time="0.002"/>
  <system-out/>
  <testcase classname="testNgAnnotationsBasics.BeforeTestAfterTest" name="TC_003" time="0.001"/>
  <system-out/>
</testsuite> <!-- testNgAnnotationsBasics.BeforeTestAfterTest -->
