<?xml version="1.0" encoding="UTF-8"?>
<!-- Generated by org.testng.reporters.JUnitReportReporter -->
<testsuite hostname="DESKTOP-6HPEAMJ" failures="0" tests="2" name="differentTypesOfAnnotations.BeforeAndAfterClass" time="0.002" errors="0" timestamp="2022-12-31T16:13:59 EST" skipped="0">
  <testcase classname="differentTypesOfAnnotations.BeforeAndAfterClass" name="TC_001" time="0.001"/>
  <system-out/>
  <testcase classname="differentTypesOfAnnotations.BeforeAndAfterClass" name="TC_003" time="0.001"/>
  <system-out/>
</testsuite> <!-- differentTypesOfAnnotations.BeforeAndAfterClass -->
