<?xml version="1.0" encoding="UTF-8"?>
<!-- Generated by org.testng.reporters.JUnitReportReporter -->
<testsuite hostname="DESKTOP-6HPEAMJ" failures="0" tests="2" name="testNgAnnotationsBasics.AllAnnotations" time="0.006" errors="0" timestamp="2022-12-16T19:50:04 EST" skipped="0">
  <testcase classname="testNgAnnotationsBasics.AllAnnotations" name="TC_001" time="0.004"/>
  <system-out/>
  <testcase classname="testNgAnnotationsBasics.AllAnnotations" name="TC_003" time="0.002"/>
  <system-out/>
</testsuite> <!-- testNgAnnotationsBasics.AllAnnotations -->
