<?xml version="1.0" encoding="UTF-8"?>
<!-- Generated by org.testng.reporters.JUnitReportReporter -->
<testsuite skipped="0" hostname="Owner" name="com.accenttechpartners.telocure.testCases.TC_001" tests="1" failures="0" timestamp="01 Nov 2020 02:59:06 GMT" time="0.019" errors="0">
  <testcase name="Tc_001" time="0.019" classname="com.accenttechpartners.telocure.testCases.TC_001"/>
</testsuite> <!-- com.accenttechpartners.telocure.testCases.TC_001 -->
