<?xml version="1.0" encoding="UTF-8"?>
<!-- Generated by org.testng.reporters.JUnitReportReporter -->
<testsuite hostname="DESKTOP-6HPEAMJ" failures="0" tests="1" name="com.unitech.psptech.testCases.HomePage_TS_001" time="0.550" errors="0" timestamp="1 Jan 2023 00:08:55 GMT">
  <testcase classname="com.unitech.psptech.testCases.HomePage_TS_001" name="TC_001_ClickHeaderHomeButton" time="0.550"/>
</testsuite> <!-- com.unitech.psptech.testCases.HomePage_TS_001 -->
